build/app/intermediates/manifest_merge_blame_file/debug/manifest-merger-blame-debug-report.txt
1<?xml version="1.0" encoding="utf-8"?>
2<manifest xmlns:android="http://schemas.android.com/apk/res/android"
3    package="com.vandan.foodswipe"
4    android:versionCode="1"
5    android:versionName="1.0.0" >
6
7    <uses-sdk
8        android:minSdkVersion="19"
9        android:targetSdkVersion="30" />
10    <!--
11         Flutter needs it to communicate with the running application
12         to allow setting breakpoints, to provide hot reload, etc.
13    -->
14    <uses-permission android:name="android.permission.INTERNET" />
14-->src\debug\AndroidManifest.xml:6:5-66
14-->src\debug\AndroidManifest.xml:6:22-64
15    <!-- Although the *SdkVersion is captured in gradle build files, this is required for non gradle builds -->
16    <!-- <uses-sdk android:minSdkVersion="14" /> -->
17    <uses-permission android:name="android.permission.ACCESS_NETWORK_STATE" />
17-->[com.google.firebase:firebase-firestore:21.3.0] AndroidManifest.xml:13:5-79
17-->[com.google.firebase:firebase-firestore:21.3.0] AndroidManifest.xml:13:22-76
18
19    <uses-feature
19-->[com.google.android.gms:play-services-maps:17.0.0] AndroidManifest.xml:26:5-28:35
20        android:glEsVersion="0x00020000"
20-->[com.google.android.gms:play-services-maps:17.0.0] AndroidManifest.xml:27:9-41
21        android:required="true" />
21-->[com.google.android.gms:play-services-maps:17.0.0] AndroidManifest.xml:28:9-32
22
23    <uses-permission android:name="android.permission.WAKE_LOCK" /> <!-- Required by older versions of Google Play services to create IID tokens -->
23-->[com.google.android.gms:play-services-measurement-api:17.2.0] AndroidManifest.xml:24:5-68
23-->[com.google.android.gms:play-services-measurement-api:17.2.0] AndroidManifest.xml:24:22-65
24    <uses-permission android:name="com.google.android.c2dm.permission.RECEIVE" />
24-->[com.google.firebase:firebase-iid:19.0.0] AndroidManifest.xml:26:5-82
24-->[com.google.firebase:firebase-iid:19.0.0] AndroidManifest.xml:26:22-79
25    <uses-permission android:name="com.google.android.finsky.permission.BIND_GET_INSTALL_REFERRER_SERVICE" />
25-->[com.google.android.gms:play-services-measurement:17.2.0] AndroidManifest.xml:26:5-110
25-->[com.google.android.gms:play-services-measurement:17.2.0] AndroidManifest.xml:26:22-107
26
27    <application
27-->src\main\AndroidManifest.xml:3:4-40:19
28        android:name="androidx.multidex.MultiDexApplication"
29        android:appComponentFactory="androidx.core.app.CoreComponentFactory"
29-->[androidx.core:core:1.5.0-beta01] AndroidManifest.xml:24:18-86
30        android:debuggable="true"
31        android:icon="@mipmap/ic_launcher"
31-->src\main\AndroidManifest.xml:5:9-43
32        android:label="foodswipe"
32-->src\main\AndroidManifest.xml:4:9-34
33        android:theme="@style/Theme.AppCompat.Light.NoActionBar" >
33-->[:stripe_payment] AndroidManifest.xml:11:18-74
34        <activity
34-->src\main\AndroidManifest.xml:6:9-34:20
35            android:name="com.vandan.foodswipe.MainActivity"
35-->src\main\AndroidManifest.xml:7:13-41
36            android:configChanges="orientation|keyboardHidden|keyboard|screenSize|smallestScreenSize|locale|layoutDirection|fontScale|screenLayout|density|uiMode"
36-->src\main\AndroidManifest.xml:10:13-163
37            android:hardwareAccelerated="true"
37-->src\main\AndroidManifest.xml:11:13-47
38            android:launchMode="singleTop"
38-->src\main\AndroidManifest.xml:8:13-43
39            android:theme="@style/LaunchTheme"
39-->src\main\AndroidManifest.xml:9:13-47
40            android:windowSoftInputMode="adjustResize" >
40-->src\main\AndroidManifest.xml:12:13-55
41
42            <!--
43                 Specifies an Android theme to apply to this Activity as soon as
44                 the Android process has started. This theme is visible to the user
45                 while the Flutter UI initializes. After that, this theme continues
46                 to determine the Window background behind the Flutter UI.
47            -->
48            <meta-data
48-->src\main\AndroidManifest.xml:17:13-20:17
49                android:name="io.flutter.embedding.android.NormalTheme"
49-->src\main\AndroidManifest.xml:18:15-70
50                android:resource="@style/NormalTheme" />
50-->src\main\AndroidManifest.xml:19:15-52
51            <!--
52                 Displays an Android View that continues showing the launch screen
53                 Drawable until Flutter paints its first frame, then this splash
54                 screen fades out. A splash screen is useful to avoid any visual
55                 gap between the end of Android's launch screen and the painting of
56                 Flutter's first frame.
57            -->
58            <meta-data
58-->src\main\AndroidManifest.xml:26:13-29:17
59                android:name="io.flutter.embedding.android.SplashScreenDrawable"
59-->src\main\AndroidManifest.xml:27:15-79
60                android:resource="@drawable/launch_background" />
60-->src\main\AndroidManifest.xml:28:15-61
61
62            <intent-filter>
62-->src\main\AndroidManifest.xml:30:13-33:29
63                <action android:name="android.intent.action.MAIN" />
63-->src\main\AndroidManifest.xml:31:17-68
63-->src\main\AndroidManifest.xml:31:25-66
64
65                <category android:name="android.intent.category.LAUNCHER" />
65-->src\main\AndroidManifest.xml:32:17-76
65-->src\main\AndroidManifest.xml:32:27-74
66            </intent-filter>
67        </activity>
68        <!--
69             Don't delete the meta-data below.
70             This is used by the Flutter tool to generate GeneratedPluginRegistrant.java
71        -->
72        <meta-data
72-->src\main\AndroidManifest.xml:37:9-39:33
73            android:name="flutterEmbedding"
73-->src\main\AndroidManifest.xml:38:13-44
74            android:value="2" />
74-->src\main\AndroidManifest.xml:39:13-30
75
76        <service
76-->[:firebase_auth] AndroidManifest.xml:8:9-12:19
77            android:name="com.google.firebase.components.ComponentDiscoveryService"
77-->[:firebase_auth] AndroidManifest.xml:8:18-89
78            android:directBootAware="true"
78-->[com.google.firebase:firebase-common:19.3.0] AndroidManifest.xml:34:13-43
79            android:exported="false" >
79-->[com.google.firebase:firebase-auth:19.2.0] AndroidManifest.xml:35:13-37
80            <meta-data
80-->[:firebase_auth] AndroidManifest.xml:9:13-11:85
81                android:name="com.google.firebase.components:io.flutter.plugins.firebaseauth.FlutterFirebaseAppRegistrar"
81-->[:firebase_auth] AndroidManifest.xml:10:17-122
82                android:value="com.google.firebase.components.ComponentRegistrar" />
82-->[:firebase_auth] AndroidManifest.xml:11:17-82
83            <meta-data
83-->[:cloud_firestore] AndroidManifest.xml:9:13-11:85
84                android:name="com.google.firebase.components:io.flutter.plugins.firebase.cloudfirestore.FlutterFirebaseAppRegistrar"
84-->[:cloud_firestore] AndroidManifest.xml:10:17-133
85                android:value="com.google.firebase.components.ComponentRegistrar" />
85-->[:cloud_firestore] AndroidManifest.xml:11:17-82
86            <meta-data
86-->[:firebase_core] AndroidManifest.xml:9:13-11:85
87                android:name="com.google.firebase.components:io.flutter.plugins.firebase.core.FlutterFirebaseAppRegistrar"
87-->[:firebase_core] AndroidManifest.xml:10:17-123
88                android:value="com.google.firebase.components.ComponentRegistrar" />
88-->[:firebase_core] AndroidManifest.xml:11:17-82
89            <meta-data
89-->[com.google.firebase:firebase-auth:19.2.0] AndroidManifest.xml:36:13-38:85
90                android:name="com.google.firebase.components:com.google.firebase.auth.FirebaseAuthRegistrar"
90-->[com.google.firebase:firebase-auth:19.2.0] AndroidManifest.xml:37:17-109
91                android:value="com.google.firebase.components.ComponentRegistrar" />
91-->[com.google.firebase:firebase-auth:19.2.0] AndroidManifest.xml:38:17-82
92            <meta-data
92-->[com.google.firebase:firebase-firestore:21.3.0] AndroidManifest.xml:20:13-22:85
93                android:name="com.google.firebase.components:com.google.firebase.firestore.FirestoreRegistrar"
93-->[com.google.firebase:firebase-firestore:21.3.0] AndroidManifest.xml:21:17-111
94                android:value="com.google.firebase.components.ComponentRegistrar" />
94-->[com.google.firebase:firebase-firestore:21.3.0] AndroidManifest.xml:22:17-82
95            <meta-data
95-->[com.google.android.gms:play-services-measurement-api:17.2.0] AndroidManifest.xml:30:13-32:85
96                android:name="com.google.firebase.components:com.google.firebase.analytics.connector.internal.AnalyticsConnectorRegistrar"
96-->[com.google.android.gms:play-services-measurement-api:17.2.0] AndroidManifest.xml:31:17-139
97                android:value="com.google.firebase.components.ComponentRegistrar" />
97-->[com.google.android.gms:play-services-measurement-api:17.2.0] AndroidManifest.xml:32:17-82
98            <meta-data
98-->[com.google.firebase:firebase-iid:19.0.0] AndroidManifest.xml:32:13-34:85
99                android:name="com.google.firebase.components:com.google.firebase.iid.Registrar"
99-->[com.google.firebase:firebase-iid:19.0.0] AndroidManifest.xml:33:17-96
100                android:value="com.google.firebase.components.ComponentRegistrar" />
100-->[com.google.firebase:firebase-iid:19.0.0] AndroidManifest.xml:34:17-82
101        </service>
102
103        <meta-data
103-->[:stripe_payment] AndroidManifest.xml:12:9-14:36
104            android:name="com.google.android.gms.wallet.api.enabled"
104-->[:stripe_payment] AndroidManifest.xml:13:13-69
105            android:value="true" />
105-->[:stripe_payment] AndroidManifest.xml:14:13-33
106
107        <activity
107-->[:stripe_payment] AndroidManifest.xml:16:9-20:75
108            android:name="com.gettipsi.stripe.OpenBrowserActivity"
108-->[:stripe_payment] AndroidManifest.xml:17:13-67
109            android:exported="false"
109-->[:stripe_payment] AndroidManifest.xml:18:13-37
110            android:launchMode="singleTask"
110-->[:stripe_payment] AndroidManifest.xml:19:13-44
111            android:theme="@android:style/Theme.Translucent.NoTitleBar" />
111-->[:stripe_payment] AndroidManifest.xml:20:13-72
112        <activity
112-->[:stripe_payment] AndroidManifest.xml:21:9-34:20
113            android:name="com.gettipsi.stripe.RedirectUriReceiver"
113-->[:stripe_payment] AndroidManifest.xml:22:13-67
114            android:exported="true"
114-->[:stripe_payment] AndroidManifest.xml:23:13-36
115            android:launchMode="singleTask"
115-->[:stripe_payment] AndroidManifest.xml:24:13-44
116            android:theme="@android:style/Theme.Translucent.NoTitleBar.Fullscreen" >
116-->[:stripe_payment] AndroidManifest.xml:25:13-83
117            <intent-filter>
117-->[:stripe_payment] AndroidManifest.xml:26:13-33:29
118                <action android:name="android.intent.action.VIEW" />
118-->[:stripe_payment] AndroidManifest.xml:27:17-69
118-->[:stripe_payment] AndroidManifest.xml:27:25-66
119
120                <category android:name="android.intent.category.DEFAULT" />
120-->[:stripe_payment] AndroidManifest.xml:29:17-76
120-->[:stripe_payment] AndroidManifest.xml:29:27-73
121                <category android:name="android.intent.category.BROWSABLE" />
121-->[:stripe_payment] AndroidManifest.xml:30:17-78
121-->[:stripe_payment] AndroidManifest.xml:30:27-75
122
123                <data android:scheme="example" />
123-->[:stripe_payment] AndroidManifest.xml:32:17-50
123-->[:stripe_payment] AndroidManifest.xml:32:23-47
124            </intent-filter>
125        </activity>
126        <activity
126-->[com.google.firebase:firebase-auth:19.2.0] AndroidManifest.xml:24:9-31:50
127            android:name="com.google.firebase.auth.internal.FederatedSignInActivity"
127-->[com.google.firebase:firebase-auth:19.2.0] AndroidManifest.xml:25:13-85
128            android:excludeFromRecents="true"
128-->[com.google.firebase:firebase-auth:19.2.0] AndroidManifest.xml:26:13-46
129            android:exported="true"
129-->[com.google.firebase:firebase-auth:19.2.0] AndroidManifest.xml:27:13-36
130            android:launchMode="singleTask"
130-->[com.google.firebase:firebase-auth:19.2.0] AndroidManifest.xml:28:13-44
131            android:permission="com.google.firebase.auth.api.gms.permission.LAUNCH_FEDERATED_SIGN_IN"
131-->[com.google.firebase:firebase-auth:19.2.0] AndroidManifest.xml:29:13-102
132            android:theme="@android:style/Theme.Translucent.NoTitleBar" />
132-->[com.google.firebase:firebase-auth:19.2.0] AndroidManifest.xml:30:13-72
133        <activity
133-->[com.stripe:stripe-android:10.4.6] AndroidManifest.xml:12:9-14:57
134            android:name="com.stripe.android.view.AddPaymentMethodActivity"
134-->[com.stripe:stripe-android:10.4.6] AndroidManifest.xml:13:13-76
135            android:theme="@style/StripeDefaultTheme" />
135-->[com.stripe:stripe-android:10.4.6] AndroidManifest.xml:14:13-54
136        <activity
136-->[com.stripe:stripe-android:10.4.6] AndroidManifest.xml:15:9-17:57
137            android:name="com.stripe.android.view.PaymentMethodsActivity"
137-->[com.stripe:stripe-android:10.4.6] AndroidManifest.xml:16:13-74
138            android:theme="@style/StripeDefaultTheme" />
138-->[com.stripe:stripe-android:10.4.6] AndroidManifest.xml:17:13-54
139        <activity
139-->[com.stripe:stripe-android:10.4.6] AndroidManifest.xml:18:9-20:57
140            android:name="com.stripe.android.view.PaymentFlowActivity"
140-->[com.stripe:stripe-android:10.4.6] AndroidManifest.xml:19:13-71
141            android:theme="@style/StripeDefaultTheme" />
141-->[com.stripe:stripe-android:10.4.6] AndroidManifest.xml:20:13-54
142        <activity
142-->[com.stripe:stripe-android:10.4.6] AndroidManifest.xml:21:9-23:57
143            android:name="com.stripe.android.view.PaymentAuthWebViewActivity"
143-->[com.stripe:stripe-android:10.4.6] AndroidManifest.xml:22:13-78
144            android:theme="@style/StripeDefaultTheme" />
144-->[com.stripe:stripe-android:10.4.6] AndroidManifest.xml:23:13-54
145        <activity
145-->[com.stripe:stripe-android:10.4.6] AndroidManifest.xml:24:9-26:57
146            android:name="com.stripe.android.view.PaymentRelayActivity"
146-->[com.stripe:stripe-android:10.4.6] AndroidManifest.xml:25:13-72
147            android:theme="@style/StripeDefaultTheme" /> <!-- Needs to be explicitly declared on P+ -->
147-->[com.stripe:stripe-android:10.4.6] AndroidManifest.xml:26:13-54
148        <uses-library
148-->[com.google.android.gms:play-services-maps:17.0.0] AndroidManifest.xml:33:9-35:40
149            android:name="org.apache.http.legacy"
149-->[com.google.android.gms:play-services-maps:17.0.0] AndroidManifest.xml:34:13-50
150            android:required="false" />
150-->[com.google.android.gms:play-services-maps:17.0.0] AndroidManifest.xml:35:13-37
151
152        <receiver
152-->[com.google.firebase:firebase-iid:19.0.0] AndroidManifest.xml:37:9-44:20
153            android:name="com.google.firebase.iid.FirebaseInstanceIdReceiver"
153-->[com.google.firebase:firebase-iid:19.0.0] AndroidManifest.xml:38:13-78
154            android:exported="true"
154-->[com.google.firebase:firebase-iid:19.0.0] AndroidManifest.xml:39:13-36
155            android:permission="com.google.android.c2dm.permission.SEND" >
155-->[com.google.firebase:firebase-iid:19.0.0] AndroidManifest.xml:40:13-73
156            <intent-filter>
156-->[com.google.firebase:firebase-iid:19.0.0] AndroidManifest.xml:41:13-43:29
157                <action android:name="com.google.android.c2dm.intent.RECEIVE" />
157-->[com.google.firebase:firebase-iid:19.0.0] AndroidManifest.xml:42:17-81
157-->[com.google.firebase:firebase-iid:19.0.0] AndroidManifest.xml:42:25-78
158            </intent-filter>
159        </receiver>
160
161        <activity
161-->[com.google.android.gms:play-services-base:17.1.0] AndroidManifest.xml:23:9-26:75
162            android:name="com.google.android.gms.common.api.GoogleApiActivity"
162-->[com.google.android.gms:play-services-base:17.1.0] AndroidManifest.xml:24:13-79
163            android:exported="false"
163-->[com.google.android.gms:play-services-base:17.1.0] AndroidManifest.xml:25:13-37
164            android:theme="@android:style/Theme.Translucent.NoTitleBar" />
164-->[com.google.android.gms:play-services-base:17.1.0] AndroidManifest.xml:26:13-72
165
166        <provider
166-->[com.google.firebase:firebase-common:19.3.0] AndroidManifest.xml:26:9-30:39
167            android:name="com.google.firebase.provider.FirebaseInitProvider"
167-->[com.google.firebase:firebase-common:19.3.0] AndroidManifest.xml:27:13-77
168            android:authorities="com.vandan.foodswipe.firebaseinitprovider"
168-->[com.google.firebase:firebase-common:19.3.0] AndroidManifest.xml:28:13-72
169            android:exported="false"
169-->[com.google.firebase:firebase-common:19.3.0] AndroidManifest.xml:29:13-37
170            android:initOrder="100" />
170-->[com.google.firebase:firebase-common:19.3.0] AndroidManifest.xml:30:13-36
171
172        <receiver
172-->[com.google.android.gms:play-services-measurement:17.2.0] AndroidManifest.xml:29:9-33:20
173            android:name="com.google.android.gms.measurement.AppMeasurementReceiver"
173-->[com.google.android.gms:play-services-measurement:17.2.0] AndroidManifest.xml:30:13-85
174            android:enabled="true"
174-->[com.google.android.gms:play-services-measurement:17.2.0] AndroidManifest.xml:31:13-35
175            android:exported="false" >
175-->[com.google.android.gms:play-services-measurement:17.2.0] AndroidManifest.xml:32:13-37
176        </receiver>
177        <receiver
177-->[com.google.android.gms:play-services-measurement:17.2.0] AndroidManifest.xml:34:9-42:20
178            android:name="com.google.android.gms.measurement.AppMeasurementInstallReferrerReceiver"
178-->[com.google.android.gms:play-services-measurement:17.2.0] AndroidManifest.xml:35:13-100
179            android:enabled="true"
179-->[com.google.android.gms:play-services-measurement:17.2.0] AndroidManifest.xml:36:13-35
180            android:exported="true"
180-->[com.google.android.gms:play-services-measurement:17.2.0] AndroidManifest.xml:37:13-36
181            android:permission="android.permission.INSTALL_PACKAGES" >
181-->[com.google.android.gms:play-services-measurement:17.2.0] AndroidManifest.xml:38:13-69
182            <intent-filter>
182-->[com.google.android.gms:play-services-measurement:17.2.0] AndroidManifest.xml:39:13-41:29
183                <action android:name="com.android.vending.INSTALL_REFERRER" />
183-->[com.google.android.gms:play-services-measurement:17.2.0] AndroidManifest.xml:40:17-79
183-->[com.google.android.gms:play-services-measurement:17.2.0] AndroidManifest.xml:40:25-76
184            </intent-filter>
185        </receiver>
186
187        <service
187-->[com.google.android.gms:play-services-measurement:17.2.0] AndroidManifest.xml:44:9-47:40
188            android:name="com.google.android.gms.measurement.AppMeasurementService"
188-->[com.google.android.gms:play-services-measurement:17.2.0] AndroidManifest.xml:45:13-84
189            android:enabled="true"
189-->[com.google.android.gms:play-services-measurement:17.2.0] AndroidManifest.xml:46:13-35
190            android:exported="false" />
190-->[com.google.android.gms:play-services-measurement:17.2.0] AndroidManifest.xml:47:13-37
191        <service
191-->[com.google.android.gms:play-services-measurement:17.2.0] AndroidManifest.xml:48:9-52:72
192            android:name="com.google.android.gms.measurement.AppMeasurementJobService"
192-->[com.google.android.gms:play-services-measurement:17.2.0] AndroidManifest.xml:49:13-87
193            android:enabled="true"
193-->[com.google.android.gms:play-services-measurement:17.2.0] AndroidManifest.xml:50:13-35
194            android:exported="false"
194-->[com.google.android.gms:play-services-measurement:17.2.0] AndroidManifest.xml:51:13-37
195            android:permission="android.permission.BIND_JOB_SERVICE" />
195-->[com.google.android.gms:play-services-measurement:17.2.0] AndroidManifest.xml:52:13-69
196
197        <meta-data
197-->[com.google.android.gms:play-services-basement:17.0.0] AndroidManifest.xml:23:9-25:69
198            android:name="com.google.android.gms.version"
198-->[com.google.android.gms:play-services-basement:17.0.0] AndroidManifest.xml:24:13-58
199            android:value="@integer/google_play_services_version" />
199-->[com.google.android.gms:play-services-basement:17.0.0] AndroidManifest.xml:25:13-66
200
201        <activity
201-->[com.stripe:stripe-3ds2-android:1.2.2] AndroidManifest.xml:12:9-14:54
202            android:name="com.stripe.android.stripe3ds2.views.ChallengeActivity"
202-->[com.stripe:stripe-3ds2-android:1.2.2] AndroidManifest.xml:13:13-81
203            android:theme="@style/Stripe3DS2Theme" />
203-->[com.stripe:stripe-3ds2-android:1.2.2] AndroidManifest.xml:14:13-51
204        <activity
204-->[com.stripe:stripe-3ds2-android:1.2.2] AndroidManifest.xml:15:9-17:54
205            android:name="com.stripe.android.stripe3ds2.views.ChallengeProgressDialogActivity"
205-->[com.stripe:stripe-3ds2-android:1.2.2] AndroidManifest.xml:16:13-95
206            android:theme="@style/Stripe3DS2Theme" />
206-->[com.stripe:stripe-3ds2-android:1.2.2] AndroidManifest.xml:17:13-51
207    </application>
208
209</manifest>